This is pdfTeX, Version 3.1415926-2.5-1.40.14 (TeX Live 2013) (format=latex 2014.4.17)  22 JUN 2014 22:43
entering extended mode
 restricted \write18 enabled.
 %&-line parsing enabled.
**mythesis
(./mythesis.tex
LaTeX2e <2011/06/27>
Babel <3.9k> and hyphenation patterns for 78 languages loaded.
(./tcd-phd-thesis.cls
Document Class: tcd-phd-thesis 2009/10/05 Basic Trinity College Dublin PhD Thes
is Class
(/usr/local/texlive/2013/texmf-dist/tex/latex/base/book.cls
Document Class: book 2007/10/19 v1.4h Standard LaTeX document class
(/usr/local/texlive/2013/texmf-dist/tex/latex/base/bk12.clo
File: bk12.clo 2007/10/19 v1.4h Standard LaTeX file (size option)
)
\c@part=\count79
\c@chapter=\count80
\c@section=\count81
\c@subsection=\count82
\c@subsubsection=\count83
\c@paragraph=\count84
\c@subparagraph=\count85
\c@figure=\count86
\c@table=\count87
\abovecaptionskip=\skip41
\belowcaptionskip=\skip42
\bibindent=\dimen102
)
(/usr/local/texlive/2013/texmf-dist/tex/latex/geometry/geometry.sty
Package: geometry 2010/09/12 v5.6 Page Geometry

(/usr/local/texlive/2013/texmf-dist/tex/latex/graphics/keyval.sty
Package: keyval 1999/03/16 v1.13 key=value parser (DPC)
\KV@toks@=\toks14
)
(/usr/local/texlive/2013/texmf-dist/tex/generic/oberdiek/ifpdf.sty
Package: ifpdf 2011/01/30 v2.3 Provides the ifpdf switch (HO)
Package ifpdf Info: pdfTeX in PDF mode is not detected.
)
(/usr/local/texlive/2013/texmf-dist/tex/generic/oberdiek/ifvtex.sty
Package: ifvtex 2010/03/01 v1.5 Detect VTeX and its facilities (HO)
Package ifvtex Info: VTeX not detected.
)
(/usr/local/texlive/2013/texmf-dist/tex/generic/ifxetex/ifxetex.sty
Package: ifxetex 2010/09/12 v0.6 Provides ifxetex conditional
)
\Gm@cnth=\count88
\Gm@cntv=\count89
\c@Gm@tempcnt=\count90
\Gm@bindingoffset=\dimen103
\Gm@wd@mp=\dimen104
\Gm@odd@mp=\dimen105
\Gm@even@mp=\dimen106
\Gm@layoutwidth=\dimen107
\Gm@layoutheight=\dimen108
\Gm@layouthoffset=\dimen109
\Gm@layoutvoffset=\dimen110
\Gm@dimlist=\toks15
)
(/usr/local/texlive/2013/texmf-dist/tex/latex/setspace/setspace.sty
Package: setspace 2011/12/19 v6.7a set line spacing
)
(/usr/local/texlive/2013/texmf-dist/tex/latex/psnfss/mathptmx.sty
Package: mathptmx 2005/04/12 PSNFSS-v9.2a Times w/ Math, improved (SPQR, WaS) 
LaTeX Font Info:    Redeclaring symbol font `operators' on input line 28.
LaTeX Font Info:    Overwriting symbol font `operators' in version `normal'
(Font)                  OT1/cmr/m/n --> OT1/ztmcm/m/n on input line 28.
LaTeX Font Info:    Overwriting symbol font `operators' in version `bold'
(Font)                  OT1/cmr/bx/n --> OT1/ztmcm/m/n on input line 28.
LaTeX Font Info:    Redeclaring symbol font `letters' on input line 29.
LaTeX Font Info:    Overwriting symbol font `letters' in version `normal'
(Font)                  OML/cmm/m/it --> OML/ztmcm/m/it on input line 29.
LaTeX Font Info:    Overwriting symbol font `letters' in version `bold'
(Font)                  OML/cmm/b/it --> OML/ztmcm/m/it on input line 29.
LaTeX Font Info:    Redeclaring symbol font `symbols' on input line 30.
LaTeX Font Info:    Overwriting symbol font `symbols' in version `normal'
(Font)                  OMS/cmsy/m/n --> OMS/ztmcm/m/n on input line 30.
LaTeX Font Info:    Overwriting symbol font `symbols' in version `bold'
(Font)                  OMS/cmsy/b/n --> OMS/ztmcm/m/n on input line 30.
LaTeX Font Info:    Redeclaring symbol font `largesymbols' on input line 31.
LaTeX Font Info:    Overwriting symbol font `largesymbols' in version `normal'
(Font)                  OMX/cmex/m/n --> OMX/ztmcm/m/n on input line 31.
LaTeX Font Info:    Overwriting symbol font `largesymbols' in version `bold'
(Font)                  OMX/cmex/m/n --> OMX/ztmcm/m/n on input line 31.
\symbold=\mathgroup4
\symitalic=\mathgroup5
LaTeX Font Info:    Redeclaring math alphabet \mathbf on input line 34.
LaTeX Font Info:    Overwriting math alphabet `\mathbf' in version `normal'
(Font)                  OT1/cmr/bx/n --> OT1/ptm/bx/n on input line 34.
LaTeX Font Info:    Overwriting math alphabet `\mathbf' in version `bold'
(Font)                  OT1/cmr/bx/n --> OT1/ptm/bx/n on input line 34.
LaTeX Font Info:    Redeclaring math alphabet \mathit on input line 35.
LaTeX Font Info:    Overwriting math alphabet `\mathit' in version `normal'
(Font)                  OT1/cmr/m/it --> OT1/ptm/m/it on input line 35.
LaTeX Font Info:    Overwriting math alphabet `\mathit' in version `bold'
(Font)                  OT1/cmr/bx/it --> OT1/ptm/m/it on input line 35.
LaTeX Info: Redefining \hbar on input line 50.
)
(/usr/local/texlive/2013/texmf-dist/tex/latex/psnfss/times.sty
Package: times 2005/04/12 PSNFSS-v9.2a (SPQR) 
))
(/usr/local/texlive/2013/texmf-dist/tex/latex/url/url.sty
\Urlmuskip=\muskip10
Package: url 2013/09/16  ver 3.4  Verb mode for urls, etc.
)
(/usr/local/texlive/2013/texmf-dist/tex/latex/graphics/graphicx.sty
Package: graphicx 1999/02/16 v1.0f Enhanced LaTeX Graphics (DPC,SPQR)

(/usr/local/texlive/2013/texmf-dist/tex/latex/graphics/graphics.sty
Package: graphics 2009/02/05 v1.0o Standard LaTeX Graphics (DPC,SPQR)

(/usr/local/texlive/2013/texmf-dist/tex/latex/graphics/trig.sty
Package: trig 1999/03/16 v1.09 sin cos tan (DPC)
)
(/usr/local/texlive/2013/texmf-dist/tex/latex/latexconfig/graphics.cfg
File: graphics.cfg 2010/04/23 v1.9 graphics configuration of TeX Live
)
Package graphics Info: Driver file: dvips.def on input line 91.

(/usr/local/texlive/2013/texmf-dist/tex/latex/graphics/dvips.def
File: dvips.def 1999/02/16 v3.0i Driver-dependant file (DPC,SPQR)
))
\Gin@req@height=\dimen111
\Gin@req@width=\dimen112
)
(/usr/local/texlive/2013/texmf-dist/tex/latex/amsmath/amsmath.sty
Package: amsmath 2013/01/14 v2.14 AMS math features
\@mathmargin=\skip43

For additional information on amsmath, use the `?' option.
(/usr/local/texlive/2013/texmf-dist/tex/latex/amsmath/amstext.sty
Package: amstext 2000/06/29 v2.01

(/usr/local/texlive/2013/texmf-dist/tex/latex/amsmath/amsgen.sty
File: amsgen.sty 1999/11/30 v2.0
\@emptytoks=\toks16
\ex@=\dimen113
))
(/usr/local/texlive/2013/texmf-dist/tex/latex/amsmath/amsbsy.sty
Package: amsbsy 1999/11/29 v1.2d
\pmbraise@=\dimen114
)
(/usr/local/texlive/2013/texmf-dist/tex/latex/amsmath/amsopn.sty
Package: amsopn 1999/12/14 v2.01 operator names
)
\inf@bad=\count91
LaTeX Info: Redefining \frac on input line 210.
\uproot@=\count92
\leftroot@=\count93
LaTeX Info: Redefining \overline on input line 306.
\classnum@=\count94
\DOTSCASE@=\count95
LaTeX Info: Redefining \ldots on input line 378.
LaTeX Info: Redefining \dots on input line 381.
LaTeX Info: Redefining \cdots on input line 466.
\Mathstrutbox@=\box26
\strutbox@=\box27
\big@size=\dimen115
LaTeX Font Info:    Redeclaring font encoding OML on input line 566.
LaTeX Font Info:    Redeclaring font encoding OMS on input line 567.
\macc@depth=\count96
\c@MaxMatrixCols=\count97
\dotsspace@=\muskip11
\c@parentequation=\count98
\dspbrk@lvl=\count99
\tag@help=\toks17
\row@=\count100
\column@=\count101
\maxfields@=\count102
\andhelp@=\toks18
\eqnshift@=\dimen116
\alignsep@=\dimen117
\tagshift@=\dimen118
\tagwidth@=\dimen119
\totwidth@=\dimen120
\lineht@=\dimen121
\@envbody=\toks19
\multlinegap=\skip44
\multlinetaggap=\skip45
\mathdisplay@stack=\toks20
LaTeX Info: Redefining \[ on input line 2665.
LaTeX Info: Redefining \] on input line 2666.
)
(/usr/local/texlive/2013/texmf-dist/tex/latex/txfonts/txfonts.sty
Package: txfonts 2008/01/22 v3.2.1
LaTeX Font Info:    Redeclaring symbol font `operators' on input line 21.
LaTeX Font Info:    Overwriting symbol font `operators' in version `normal'
(Font)                  OT1/ztmcm/m/n --> OT1/txr/m/n on input line 21.
LaTeX Font Info:    Overwriting symbol font `operators' in version `bold'
(Font)                  OT1/ztmcm/m/n --> OT1/txr/m/n on input line 21.
LaTeX Font Info:    Overwriting symbol font `operators' in version `bold'
(Font)                  OT1/txr/m/n --> OT1/txr/bx/n on input line 22.
LaTeX Font Info:    Redeclaring symbol font `italic' on input line 25.
LaTeX Font Info:    Overwriting symbol font `italic' in version `normal'
(Font)                  OT1/ptm/m/it --> OT1/txr/m/it on input line 25.
LaTeX Font Info:    Overwriting symbol font `italic' in version `bold'
(Font)                  OT1/ptm/m/it --> OT1/txr/m/it on input line 25.
LaTeX Font Info:    Overwriting symbol font `italic' in version `bold'
(Font)                  OT1/txr/m/it --> OT1/txr/bx/it on input line 26.
LaTeX Font Info:    Redeclaring math alphabet \mathbf on input line 29.
LaTeX Font Info:    Overwriting math alphabet `\mathbf' in version `normal'
(Font)                  OT1/ptm/bx/n --> OT1/txr/bx/n on input line 29.
LaTeX Font Info:    Overwriting math alphabet `\mathbf' in version `bold'
(Font)                  OT1/ptm/bx/n --> OT1/txr/bx/n on input line 29.
LaTeX Font Info:    Redeclaring math alphabet \mathit on input line 30.
LaTeX Font Info:    Overwriting math alphabet `\mathit' in version `normal'
(Font)                  OT1/ptm/m/it --> OT1/txr/m/it on input line 30.
LaTeX Font Info:    Overwriting math alphabet `\mathit' in version `bold'
(Font)                  OT1/ptm/m/it --> OT1/txr/m/it on input line 30.
LaTeX Font Info:    Overwriting math alphabet `\mathit' in version `bold'
(Font)                  OT1/txr/m/it --> OT1/txr/bx/it on input line 31.
LaTeX Font Info:    Redeclaring math alphabet \mathsf on input line 40.
LaTeX Font Info:    Overwriting math alphabet `\mathsf' in version `normal'
(Font)                  OT1/cmss/m/n --> OT1/txss/m/n on input line 40.
LaTeX Font Info:    Overwriting math alphabet `\mathsf' in version `bold'
(Font)                  OT1/cmss/bx/n --> OT1/txss/m/n on input line 40.
LaTeX Font Info:    Overwriting math alphabet `\mathsf' in version `bold'
(Font)                  OT1/txss/m/n --> OT1/txss/b/n on input line 41.
LaTeX Font Info:    Redeclaring math alphabet \mathtt on input line 50.
LaTeX Font Info:    Overwriting math alphabet `\mathtt' in version `normal'
(Font)                  OT1/cmtt/m/n --> OT1/txtt/m/n on input line 50.
LaTeX Font Info:    Overwriting math alphabet `\mathtt' in version `bold'
(Font)                  OT1/cmtt/m/n --> OT1/txtt/m/n on input line 50.
LaTeX Font Info:    Overwriting math alphabet `\mathtt' in version `bold'
(Font)                  OT1/txtt/m/n --> OT1/txtt/b/n on input line 51.
LaTeX Font Info:    Redeclaring symbol font `letters' on input line 58.
LaTeX Font Info:    Overwriting symbol font `letters' in version `normal'
(Font)                  OML/ztmcm/m/it --> OML/txmi/m/it on input line 58.
LaTeX Font Info:    Overwriting symbol font `letters' in version `bold'
(Font)                  OML/ztmcm/m/it --> OML/txmi/m/it on input line 58.
LaTeX Font Info:    Overwriting symbol font `letters' in version `bold'
(Font)                  OML/txmi/m/it --> OML/txmi/bx/it on input line 59.
\symlettersA=\mathgroup6
LaTeX Font Info:    Overwriting symbol font `lettersA' in version `bold'
(Font)                  U/txmia/m/it --> U/txmia/bx/it on input line 67.
LaTeX Font Info:    Redeclaring symbol font `symbols' on input line 77.
LaTeX Font Info:    Overwriting symbol font `symbols' in version `normal'
(Font)                  OMS/ztmcm/m/n --> OMS/txsy/m/n on input line 77.
LaTeX Font Info:    Overwriting symbol font `symbols' in version `bold'
(Font)                  OMS/ztmcm/m/n --> OMS/txsy/m/n on input line 77.
LaTeX Font Info:    Overwriting symbol font `symbols' in version `bold'
(Font)                  OMS/txsy/m/n --> OMS/txsy/bx/n on input line 78.
\symAMSa=\mathgroup7
LaTeX Font Info:    Overwriting symbol font `AMSa' in version `bold'
(Font)                  U/txsya/m/n --> U/txsya/bx/n on input line 94.
\symAMSb=\mathgroup8
LaTeX Font Info:    Overwriting symbol font `AMSb' in version `bold'
(Font)                  U/txsyb/m/n --> U/txsyb/bx/n on input line 103.
\symsymbolsC=\mathgroup9
LaTeX Font Info:    Overwriting symbol font `symbolsC' in version `bold'
(Font)                  U/txsyc/m/n --> U/txsyc/bx/n on input line 113.
LaTeX Font Info:    Redeclaring symbol font `largesymbols' on input line 120.
LaTeX Font Info:    Overwriting symbol font `largesymbols' in version `normal'
(Font)                  OMX/ztmcm/m/n --> OMX/txex/m/n on input line 120.
LaTeX Font Info:    Overwriting symbol font `largesymbols' in version `bold'
(Font)                  OMX/ztmcm/m/n --> OMX/txex/m/n on input line 120.
LaTeX Font Info:    Overwriting symbol font `largesymbols' in version `bold'
(Font)                  OMX/txex/m/n --> OMX/txex/bx/n on input line 121.
\symlargesymbolsA=\mathgroup10
LaTeX Font Info:    Overwriting symbol font `largesymbolsA' in version `bold'
(Font)                  U/txexa/m/n --> U/txexa/bx/n on input line 129.
LaTeX Info: Redefining \not on input line 1043.
)
(/usr/local/texlive/2013/texmf-dist/tex/latex/cite/cite.sty
LaTeX Info: Redefining \cite on input line 302.
LaTeX Info: Redefining \nocite on input line 373.
Package: cite 2010/09/10  v 5.3
)
(/usr/local/texlive/2013/texmf-dist/tex/latex/graphics/epsfig.sty
Package: epsfig 1999/02/16 v1.7a (e)psfig emulation (SPQR)
\epsfxsize=\dimen122
\epsfysize=\dimen123
)
(/usr/local/texlive/2013/texmf-dist/tex/latex/float/float.sty
Package: float 2001/11/08 v1.3d Float enhancements (AL)
\c@float@type=\count103
\float@exts=\toks21
\float@box=\box28
\@float@everytoks=\toks22
\@floatcapt=\box29
)
(/usr/local/texlive/2013/texmf-dist/tex/latex/caption/caption.sty
Package: caption 2013/05/02 v3.3-89 Customizing captions (AR)

(/usr/local/texlive/2013/texmf-dist/tex/latex/caption/caption3.sty
Package: caption3 2013/05/02 v1.6-88 caption3 kernel (AR)
Package caption3 Info: TeX engine: e-TeX on input line 57.
\captionmargin=\dimen124
\captionmargin@=\dimen125
\captionwidth=\dimen126
\caption@tempdima=\dimen127
\caption@indent=\dimen128
\caption@parindent=\dimen129
\caption@hangindent=\dimen130
)
\c@ContinuedFloat=\count104
Package caption Info: float package is loaded.
)
(/usr/local/texlive/2013/texmf-dist/tex/latex/appendix/appendix.sty
Package: appendix 2009/09/02 v1.2b extra appendix facilities
\c@@pps=\count105
\c@@ppsavesec=\count106
\c@@ppsaveapp=\count107
)
(./mythesis.aux)
\openout1 = `mythesis.aux'.

LaTeX Font Info:    Checking defaults for OML/txmi/m/it on input line 27.
LaTeX Font Info:    Try loading font information for OML+txmi on input line 27.


(/usr/local/texlive/2013/texmf-dist/tex/latex/txfonts/omltxmi.fd
File: omltxmi.fd 2000/12/15 v3.1
)
LaTeX Font Info:    ... okay on input line 27.
LaTeX Font Info:    Checking defaults for T1/cmr/m/n on input line 27.
LaTeX Font Info:    ... okay on input line 27.
LaTeX Font Info:    Checking defaults for OT1/cmr/m/n on input line 27.
LaTeX Font Info:    ... okay on input line 27.
LaTeX Font Info:    Checking defaults for OMS/txsy/m/n on input line 27.
LaTeX Font Info:    Try loading font information for OMS+txsy on input line 27.


(/usr/local/texlive/2013/texmf-dist/tex/latex/txfonts/omstxsy.fd
File: omstxsy.fd 2000/12/15 v3.1
)
LaTeX Font Info:    ... okay on input line 27.
LaTeX Font Info:    Checking defaults for OMX/txex/m/n on input line 27.
LaTeX Font Info:    Try loading font information for OMX+txex on input line 27.


(/usr/local/texlive/2013/texmf-dist/tex/latex/txfonts/omxtxex.fd
File: omxtxex.fd 2000/12/15 v3.1
)
LaTeX Font Info:    ... okay on input line 27.
LaTeX Font Info:    Checking defaults for U/txexa/m/n on input line 27.
LaTeX Font Info:    Try loading font information for U+txexa on input line 27.

(/usr/local/texlive/2013/texmf-dist/tex/latex/txfonts/utxexa.fd
File: utxexa.fd 2000/12/15 v3.1
)
LaTeX Font Info:    ... okay on input line 27.
LaTeX Font Info:    Try loading font information for OT1+txr on input line 27.

(/usr/local/texlive/2013/texmf-dist/tex/latex/txfonts/ot1txr.fd
File: ot1txr.fd 2000/12/15 v3.1
)
*geometry* driver: auto-detecting
*geometry* detected driver: dvips
*geometry* verbose mode - [ preamble ] result:
* driver: dvips
* paper: <default>
* layout: <same size as paper>
* layoutoffset:(h,v)=(0.0pt,0.0pt)
* modes: 
* h-part:(L,W,R)=(113.81102pt, 398.3386pt, 85.35826pt)
* v-part:(T,H,B)=(85.35826pt, 674.33032pt, 85.35826pt)
* \paperwidth=597.50787pt
* \paperheight=845.04684pt
* \textwidth=398.3386pt
* \textheight=674.33032pt
* \oddsidemargin=41.54103pt
* \evensidemargin=41.54103pt
* \topmargin=-18.78552pt
* \headheight=12.0pt
* \headsep=19.8738pt
* \topskip=12.0pt
* \footskip=30.0pt
* \marginparwidth=38.0pt
* \marginparsep=7.0pt
* \columnsep=10.0pt
* \skip\footins=10.8pt plus 4.0pt minus 2.0pt
* \hoffset=0.0pt
* \voffset=0.0pt
* \mag=1000
* \@twocolumnfalse
* \@twosidefalse
* \@mparswitchfalse
* \@reversemarginfalse
* (1in=72.27pt=25.4mm, 1cm=28.453pt)

Package caption Info: Begin \AtBeginDocument code.
Package caption Info: End \AtBeginDocument code.
(./title.tex
LaTeX Font Info:    Try loading font information for OT1+ptm on input line 11.
 (/usr/local/texlive/2013/texmf-dist/tex/latex/psnfss/ot1ptm.fd
File: ot1ptm.fd 2001/06/04 font definitions for OT1/ptm.
)
LaTeX Font Info:    Font shape `OT1/ptm/bx/n' in size <14.4> not available
(Font)              Font shape `OT1/ptm/b/n' tried instead on input line 11.
LaTeX Font Info:    Font shape `OT1/ptm/bx/n' in size <10.95> not available
(Font)              Font shape `OT1/ptm/b/n' tried instead on input line 11.
LaTeX Font Info:    Font shape `OT1/ptm/bx/n' in size <8> not available
(Font)              Font shape `OT1/ptm/b/n' tried instead on input line 11.
LaTeX Font Info:    Try loading font information for U+txmia on input line 11.

(/usr/local/texlive/2013/texmf-dist/tex/latex/txfonts/utxmia.fd
File: utxmia.fd 2000/12/15 v3.1
)
LaTeX Font Info:    Try loading font information for U+txsya on input line 11.

(/usr/local/texlive/2013/texmf-dist/tex/latex/txfonts/utxsya.fd
File: utxsya.fd 2000/12/15 v3.1
)
LaTeX Font Info:    Try loading font information for U+txsyb on input line 11.

(/usr/local/texlive/2013/texmf-dist/tex/latex/txfonts/utxsyb.fd
File: utxsyb.fd 2000/12/15 v3.1
)
LaTeX Font Info:    Try loading font information for U+txsyc on input line 11.

(/usr/local/texlive/2013/texmf-dist/tex/latex/txfonts/utxsyc.fd
File: utxsyc.fd 2000/12/15 v3.1
) [1


])
(./summary.tex [1


]) (./acknowledgements.tex
Underfull \hbox (badness 10000) in paragraph at lines 36--3

 []


Underfull \hbox (badness 10000) in paragraph at lines 36--3

 []

[2] [3]) [4

] (./mythesis.toc
LaTeX Font Info:    Font shape `OT1/ptm/bx/n' in size <12> not available
(Font)              Font shape `OT1/ptm/b/n' tried instead on input line 2.
LaTeX Font Info:    Font shape `OT1/ptm/bx/n' in size <9> not available
(Font)              Font shape `OT1/ptm/b/n' tried instead on input line 2.
LaTeX Font Info:    Font shape `OT1/ptm/bx/n' in size <7> not available
(Font)              Font shape `OT1/ptm/b/n' tried instead on input line 2.
 [1


] [2])
\tf@toc=\write3
\openout3 = `mythesis.toc'.

 [3] (./mythesis.lof
Overfull \hbox (0.72148pt too wide) in paragraph at lines 7--7
 [][] []\OT1/txr/m/n/12 Peer crawl-ing: The ini-tial pro-cess in same with the 
Bit-tor-rent tracker 
 []

[4

] [5])
\tf@lof=\write4
\openout4 = `mythesis.lof'.

 [6] (./mythesis.lot)
\tf@lot=\write5
\openout5 = `mythesis.lot'.

 (./ch1.tex [7

]
Chapter 1.
[8

]
Missing character: There is no â in font txr!
Missing character: There is no € in font txr!
Missing character: There is no ™ in font txr!

Overfull \hbox (0.54143pt too wide) in paragraph at lines 14--23
\OT1/txr/m/n/12 screens us-ing Internet-enabled Set-top Boxes (STBs) such as di
g-i-tal video recorders,
 []

[9]
LaTeX Font Info:    Try loading font information for OMS+txr on input line 26.
 (/usr/local/texlive/2013/texmf-dist/tex/latex/txfonts/omstxr.fd
File: omstxr.fd 2000/12/15 v3.1
)
LaTeX Font Info:    Font shape `OMS/txr/m/n' in size <12> not available
(Font)              Font shape `OMS/txsy/m/n' tried instead on input line 26.
Missing character: There is no â in font txr!
Missing character: There is no € in font txr!
Missing character: There is no ™ in font txr!
Missing character: There is no â in font txr!
Missing character: There is no € in font txr!
Missing character: There is no ™ in font txr!
 [10]
Missing character: There is no â in font txr!
Missing character: There is no € in font txr!
Missing character: There is no ™ in font txr!
Missing character: There is no â in font txr!
Missing character: There is no € in font txr!
Missing character: There is no ™ in font txr!

[11]
Missing character: There is no â in font txr!
Missing character: There is no € in font txr!
Missing character: There is no ™ in font txr!
Missing character: There is no â in font txr!
Missing character: There is no € in font txr!
Missing character: There is no ™ in font txr!
 [12]
Overfull \hbox (7.46541pt too wide) in paragraph at lines 89--94
\OT1/txr/m/n/12 The real-world Bit-Tor-rent swarms were mea-sured us-ing a rig-
or-ous and sim-ple method
 []

[13]
Overfull \hbox (0.22807pt too wide) in paragraph at lines 106--108
[]\OT1/txr/m/n/12 For P2P, we pro-pose new and ef-fec-tive method-ol-ogy to in-
fer Bit-Tor-rent swarm
 []

) (./ch31.tex [14]
Chapter 2.

Overfull \hbox (6.6367pt too wide) in paragraph at lines 4--9
\OT1/txr/m/n/12 P2P ap-pli-ca-tions such as Nap-ster, Gnutella, Fast-Track, Bit
-Tor-rent, Skype and PPLive,
 []

[15

]
File: ../../../papers/p2p-cdn-latex/tex/ipsj/graphs/how-bittorrent-works.eps Gr
aphic file (type eps)
 <../../../papers/p2p-cdn-latex/tex/ipsj/graphs/how-bittorrent-works.eps>
Overfull \hbox (29.86551pt too wide) in paragraph at lines 32--33
 [] 
 []

[16]
File: ../../../papers/p2p-cdn-latex/tex/ipsj/graphs/p2p-technologies.eps Graphi
c file (type eps)
 <../../../papers/p2p-cdn-latex/tex/ipsj/graphs/p2p-technologies.eps>
Overfull \hbox (78.7417pt too wide) in paragraph at lines 67--68
 [] 
 []

[17] [18]
File: ../../../papers/p2p-cdn-latex/tex/ipsj/graphs/hierarchical-p2p.eps Graphi
c file (type eps)
 <../../../papers/p2p-cdn-latex/tex/ipsj/graphs/hierarchical-p2p.eps>
[19] [20] [21]
Overfull \hbox (18.32545pt too wide) in paragraph at lines 181--190
[][] 
 []

[22]
File: ../../../papers/p2p-cdn-latex/tex/ipsj/graphs/tracker-crawling.eps Graphi
c file (type eps)
 <../../../papers/p2p-cdn-latex/tex/ipsj/graphs/tracker-crawling.eps>
[23] [24]
File: ../../../papers/p2p-cdn-latex/tex/ipsj/graphs/peer-crawling.eps Graphic f
ile (type eps)
 <../../../papers/p2p-cdn-latex/tex/ipsj/graphs/peer-crawling.eps>
[25] [26] [27]
File: ../../../papers/p2p-cdn-latex/tex/ipsj/graphs/cascade-energy.eps Graphic 
file (type eps)

<../../../papers/p2p-cdn-latex/tex/ipsj/graphs/cascade-energy.eps>
Overfull \hbox (28.85902pt too wide) in paragraph at lines 306--307
 [] 
 []

[28] [29] [30] [31] [32]) (./ch4.tex [33]
Chapter 3.
[34

]
Missing character: There is no â in font txr!
Missing character: There is no € in font txr!
Missing character: There is no ™ in font txr!
Missing character: There is no â in font txr!
Missing character: There is no € in font txr!
Missing character: There is no ™ in font txr!
 [35]
File: ../../../papers/IEEE-P2P/tex/IEICE/jurnal/graphs/pex_2.eps Graphic file (
type eps)
 <../../../papers/IEEE-P2P/tex/IEICE/jurnal/graphs/pex_2.eps>
Overfull \hbox (44.31964pt too wide) in paragraph at lines 34--35
 [] 
 []

[36] [37] [38] [39]
File: ../../../papers/IEEE-P2P/tex/IEICE/jurnal/graphs/new/cdf-num.eps Graphic 
file (type eps)

<../../../papers/IEEE-P2P/tex/IEICE/jurnal/graphs/new/cdf-num.eps> [40]
[41]
File: ../../../papers/IEEE-P2P/tex/IEICE/jurnal/graphs/output_2.eps Graphic fil
e (type eps)
 <../../../papers/IEEE-P2P/tex/IEICE/jurnal/graphs/output_2.eps>
File: ../../../papers/IEEE-P2P/tex/IEICE/jurnal/graphs/new/aggregate-p-cdf.eps 
Graphic file (type eps)

<../../../papers/IEEE-P2P/tex/IEICE/jurnal/graphs/new/aggregate-p-cdf.eps>
File: ../../../papers/IEEE-P2P/tex/IEICE/jurnal/graphs/new/gabung-korelasi-p-rh
o.eps Graphic file (type eps)

<../../../papers/IEEE-P2P/tex/IEICE/jurnal/graphs/new/gabung-korelasi-p-rho.eps
>
File: ../../../papers/IEEE-P2P/tex/IEICE/jurnal/graphs/new/gabung-korelasi-p-rh
o-4region.eps Graphic file (type eps)

<../../../papers/IEEE-P2P/tex/IEICE/jurnal/graphs/new/gabung-korelasi-p-rho-4re
gion.eps> [42] [43] [44] [45]
File: ../../../papers/IEEE-P2P/tex/IEICE/jurnal/graphs/non-nested/aggregate-p-c
df-non-nested-lognorm.eps Graphic file (type eps)

<../../../papers/IEEE-P2P/tex/IEICE/jurnal/graphs/non-nested/aggregate-p-cdf-no
n-nested-lognorm.eps>
File: ../../../papers/IEEE-P2P/tex/IEICE/jurnal/graphs/non-nested/lr-p-lognorm.
eps Graphic file (type eps)

<../../../papers/IEEE-P2P/tex/IEICE/jurnal/graphs/non-nested/lr-p-lognorm.eps>
File: ../../../papers/IEEE-P2P/tex/IEICE/jurnal/graphs/non-nested/aggregate-p-c
df-non-nestedi-exp.eps Graphic file (type eps)

<../../../papers/IEEE-P2P/tex/IEICE/jurnal/graphs/non-nested/aggregate-p-cdf-no
n-nestedi-exp.eps>
File: ../../../papers/IEEE-P2P/tex/IEICE/jurnal/graphs/non-nested/lr-pi-exp.eps
 Graphic file (type eps)

<../../../papers/IEEE-P2P/tex/IEICE/jurnal/graphs/non-nested/lr-pi-exp.eps>
[46]

LaTeX Warning: Text page 47 contains only floats.

[47] [48] [49]
File: ../../../papers/IEEE-P2P/tex/IEICE/jurnal/graphs/new/cdf-clustering.eps G
raphic file (type eps)

<../../../papers/IEEE-P2P/tex/IEICE/jurnal/graphs/new/cdf-clustering.eps>
File: ../../../papers/IEEE-P2P/tex/IEICE/jurnal/netscicom-graphs/simula.eps Gra
phic file (type eps)

<../../../papers/IEEE-P2P/tex/IEICE/jurnal/netscicom-graphs/simula.eps>
[50] [51]) (./ch45.tex [52]
Chapter 4.
[53

]) (./ch6.tex [54]
Chapter 5.
[55

]
LaTeX Font Info:    Font shape `OT1/ptm/bx/n' in size <10> not available
(Font)              Font shape `OT1/ptm/b/n' tried instead on input line 20.
LaTeX Font Info:    Font shape `OT1/ptm/bx/n' in size <7.4> not available
(Font)              Font shape `OT1/ptm/b/n' tried instead on input line 20.
LaTeX Font Info:    Font shape `OT1/ptm/bx/n' in size <6> not available
(Font)              Font shape `OT1/ptm/b/n' tried instead on input line 20.
 [56]
Missing character: There is no â in font txr!
Missing character: There is no € in font txr!
Missing character: There is no ™ in font txr!
Missing character: There is no â in font txr!
Missing character: There is no € in font txr!
Missing character: There is no ™ in font txr!
File: ../../../papers/p2p-cdn-latex/tex/ipsj/graphs/livesky.eps Graphic file (t
ype eps)
 <../../../papers/p2p-cdn-latex/tex/ipsj/graphs/livesky.eps>
Overfull \hbox (25.34242pt too wide) in paragraph at lines 51--52
 [] 
 []

[57] [58]
File: ../../../papers/p2p-cdn-latex/tex/ipsj/graphs/fs2you-arch.eps Graphic fil
e (type eps)
 <../../../papers/p2p-cdn-latex/tex/ipsj/graphs/fs2you-arch.eps>
Overfull \hbox (43.6106pt too wide) in paragraph at lines 101--102
 [] 
 []

[59]
Missing character: There is no â in font txr!
Missing character: There is no € in font txr!
Missing character: There is no ™ in font txr!
 [60] [61]
Missing character: There is no â in font txr!
Missing character: There is no € in font txr!
Missing character: There is no ™ in font txr!
Missing character: There is no â in font txr!
Missing character: There is no € in font txr!
Missing character: There is no ™ in font txr!
Missing character: There is no â in font txr!
Missing character: There is no € in font txr!
Missing character: There is no ™ in font txr!

Overfull \hbox (55.12215pt too wide) detected at line 160
 $[] []$  
 []

[62] [63]
File: ../../../papers/p2p-cdn-latex/tex/ipsj/graphs/cop.eps Graphic file (type 
eps)
 <../../../papers/p2p-cdn-latex/tex/ipsj/graphs/cop.eps> [64] [65]
Overfull \hbox (60.936pt too wide) detected at line 289
 [] 
 []

[66]
File: ../../../papers/p2p-cdn-latex/tex/ipsj/graphs/topology.eps Graphic file (
type eps)
 <../../../papers/p2p-cdn-latex/tex/ipsj/graphs/topology.eps>
Overfull \hbox (88.48015pt too wide) in paragraph at lines 301--302
 [] 
 []

File: ../../../papers/p2p-cdn-latex/tex/ipsj/graphs/cdn.eps Graphic file (type 
eps)
<../../../papers/p2p-cdn-latex/tex/ipsj/graphs/cdn.eps>
File: ../../../papers/p2p-cdn-latex/tex/ipsj/graphs/cdnp2p-3.eps Graphic file (
type eps)

<../../../papers/p2p-cdn-latex/tex/ipsj/graphs/cdnp2p-3.eps> [67]
Missing character: There is no â in font txr!
Missing character: There is no € in font txr!
Missing character: There is no ™ in font txr!
File: ../../../papers/p2p-cdn-latex/tex/ipsj/graphs/difference-dc-all.eps Graph
ic file (type eps)

<../../../papers/p2p-cdn-latex/tex/ipsj/graphs/difference-dc-all.eps> [68]
File: ../../../papers/p2p-cdn-latex/tex/ipsj/graphs/difference-total-all.eps Gr
aphic file (type eps)

<../../../papers/p2p-cdn-latex/tex/ipsj/graphs/difference-total-all.eps>
Missing character: There is no â in font txr!
Missing character: There is no € in font txr!
Missing character: There is no ™ in font txr!

[69]
File: ../../../papers/p2p-cdn-latex/tex/ipsj/graphs/lw-energy.eps Graphic file 
(type eps)
 <../../../papers/p2p-cdn-latex/tex/ipsj/graphs/lw-energy.eps>
File: ../../../papers/p2p-cdn-latex/tex/ipsj/graphs/diff-3stra-cdn.eps Graphic 
file (type eps)

<../../../papers/p2p-cdn-latex/tex/ipsj/graphs/diff-3stra-cdn.eps>
File: ../../../papers/p2p-cdn-latex/tex/ipsj/graphs/difference-total-peer-arriv
alrate.eps Graphic file (type eps)

<../../../papers/p2p-cdn-latex/tex/ipsj/graphs/difference-total-peer-arrivalrat
e.eps> [70] [71] [72] [73]
Missing character: There is no â in font txr!
Missing character: There is no € in font txr!
Missing character: There is no ™ in font txr!
Missing character: There is no â in font txr!
Missing character: There is no € in font txr!
Missing character: There is no ™ in font txr!
Missing character: There is no â in font txr!
Missing character: There is no € in font txr!
Missing character: There is no ™ in font txr!
Missing character: There is no â in font txr!
Missing character: There is no € in font txr!
Missing character: There is no ™ in font txr!
 [74]) (./ch7.tex [75]
Chapter 6.
[76

]) (./appendices.tex [77] [78] [79


]
Appendix A.

Overfull \hbox (6.4561pt too wide) in paragraph at lines 16--17
[]\OT1/txr/m/n/12 encoding: the string en-cod-ing for-mat used to gen-er-ate th
e pieces/chunks/blocks
 []

[80

]
Overfull \hbox (14.0881pt too wide) in paragraph at lines 21--22
[]\OT1/txr/m/n/12 pieces: con-cate-na-tion of all 20 byte SHA1 hash value each 
pieces/chunks/blocks. 
 []

LaTeX Font Info:    Try loading font information for OT1+txtt on input line 28.

(/usr/local/texlive/2013/texmf-dist/tex/latex/txfonts/ot1txtt.fd
File: ot1txtt.fd 2000/12/15 v3.1
) [81] [82]
[83]
Appendix B.
[84

]) (./mythesis.bbl [85]
Underfull \hbox (badness 10000) in paragraph at lines 15--19
[]\OT1/txr/m/sc/12 Arstechnica\OT1/txr/m/n/12 .  Megau-pload data cost.  $\OT1/
txtt/m/n/12 http :
 []


Underfull \hbox (badness 10000) in paragraph at lines 15--19
\OT1/txtt/m/n/12 / / arstechnica . com / tech-[]policy / 2012 / 03 /
 []


Overfull \hbox (39.22757pt too wide) in paragraph at lines 15--19
\OT1/txtt/m/n/12 isp-[]storing-[]25-[]petabytes-[]of-[]megaupload-[]data-[]cost
s-[]us-[]9000-[]a-[]day/$\OT1/txr/m/n/12 . 
 []

[86

]
Missing character: There is no Â in font txr!
Missing character: There is no “ in font txr!
Missing character: There is no Â in font txr!
Missing character: There is no ” in font txr!
 [87]
Underfull \hbox (badness 7203) in paragraph at lines 142--145
[]\OT1/txr/m/sc/12 Inc., A.  \OT1/txr/m/n/12 Avail-able on $\OT1/txtt/m/n/12 ht
tp : / / support . amd . com / us / Embedded _
 []

[88]
Underfull \hbox (badness 10000) in paragraph at lines 147--150
[]\OT1/txr/m/sc/12 Inc., C.  \OT1/txr/m/n/12 Avail-able on $\OT1/txtt/m/n/12 ht
tp : / / www . cisco . com / web / partners /
 []


Underfull \hbox (badness 10000) in paragraph at lines 147--150
\OT1/txtt/m/n/12 downloads / 765 / other / Energy _ Logic _ Reducing _ Data _ C
enter _
 []

[89]
Underfull \hbox (badness 2165) in paragraph at lines 229--232
[]\OT1/txr/m/sc/12 Nordberg, A.  \OT1/txr/m/n/12 Raster-bar libtor-rent.  $\OT1
/txtt/m/n/12 http : / / www . rasterbar . com /
 []

[90] [91]
Underfull \hbox (badness 1436) in paragraph at lines 328--330
[]\OT1/txr/m/sc/12 uTorrent Bit-tor-rent Client's Fo-rum\OT1/txr/m/n/12 .  Avai
l-able on $\OT1/txtt/m/n/12 http : / / forum .
 []

[92]
Missing character: There is no Â in font txr!
Missing character: There is no ‘ in font txr!
Missing character: There is no Â in font txr!
Missing character: There is no ’ in font txr!
) [93] (./mythesis.aux) ) 
Here is how much of TeX's memory you used:
 4214 strings out of 493309
 61983 string characters out of 6137842
 122366 words of memory out of 5000000
 7543 multiletter control sequences out of 15000+600000
 44136 words of font info for 124 fonts, out of 8000000 for 9000
 957 hyphenation exceptions out of 8191
 36i,11n,38p,1162b,381s stack positions out of 5000i,500n,10000p,200000b,80000s

Output written on mythesis.dvi (98 pages, 213636 bytes).
